autobuild_model: constructing Nup84 from pdb data/ScNup84N_7-488_new.pdb and chain A
autobuild_model: constructing fragment (1, 6) as a bead
autobuild_model: constructing fragment (7, 20) from pdb
autobuild_model: constructing fragment (21, 26) as a bead
autobuild_model: constructing fragment (27, 80) from pdb
autobuild_model: constructing fragment (81, 95) as a bead
autobuild_model: constructing fragment (96, 126) from pdb
autobuild_model: constructing fragment (127, 135) as a bead
autobuild_model: constructing fragment (136, 364) from pdb
autobuild_model: constructing fragment (365, 371) as a bead
autobuild_model: constructing fragment (372, 488) from pdb
autobuild_model: constructing Nup84 from pdb data/ScNup84C_506-726_new.pdb and chain A
autobuild_model: constructing fragment (489, 505) as a bead
autobuild_model: constructing fragment (506, 562) from pdb
autobuild_model: constructing fragment (563, 574) as a bead
autobuild_model: constructing fragment (575, 726) from pdb
autobuild_model: constructing Nup85 from pdb data/ScNup85_44-744_new.pdb and chain B
autobuild_model: constructing fragment (1, 66) as a bead
autobuild_model: constructing fragment (67, 122) from pdb
autobuild_model: constructing fragment (123, 134) as a bead
autobuild_model: constructing fragment (135, 427) from pdb
autobuild_model: constructing fragment (428, 460) as a bead
autobuild_model: constructing fragment (461, 529) from pdb
autobuild_model: constructing Nup85 from pdb data/ScNup85_44-744_new.pdb and chain B
autobuild_model: constructing fragment (530, 532) as a bead
autobuild_model: constructing fragment (533, 602) from pdb
autobuild_model: constructing fragment (603, 619) as a bead
autobuild_model: constructing fragment (620, 671) from pdb
autobuild_model: constructing fragment (672, 679) as a bead
autobuild_model: constructing fragment (680, 743) from pdb
autobuild_model: constructing fragment (744, 744) as a bead
autobuild_model: constructing Nup120 from pdb data/ScNup120_1-1037_new.pdb and chain C
autobuild_model: constructing fragment (1, 29) from pdb
autobuild_model: constructing fragment (30, 52) as a bead
autobuild_model: constructing fragment (53, 212) from pdb
autobuild_model: constructing fragment (213, 220) as a bead
autobuild_model: constructing fragment (221, 305) from pdb
autobuild_model: constructing fragment (306, 310) as a bead
autobuild_model: constructing fragment (311, 429) from pdb
autobuild_model: constructing fragment (430, 439) as a bead
autobuild_model: constructing fragment (440, 710) from pdb
autobuild_model: constructing Nup120 from pdb data/ScNup120_1-1037_new.pdb and chain C
autobuild_model: constructing fragment (711, 712) from pdb
autobuild_model: constructing fragment (713, 726) as a bead
autobuild_model: constructing fragment (727, 781) from pdb
autobuild_model: constructing fragment (782, 804) as a bead
autobuild_model: constructing fragment (805, 892) from pdb
autobuild_model: constructing fragment (893, 902) as a bead
autobuild_model: constructing fragment (903, 910) from pdb
autobuild_model: constructing fragment (911, 920) as a bead
autobuild_model: constructing fragment (921, 1010) from pdb
autobuild_model: constructing fragment (1011, 1022) as a bead
autobuild_model: constructing fragment (1023, 1037) from pdb
autobuild_model: constructing Nup133 from pdb data/ScNup133N_56-480_new.pdb and chain D
autobuild_model: constructing fragment (1, 55) as a bead
autobuild_model: constructing fragment (56, 78) from pdb
autobuild_model: constructing fragment (79, 85) as a bead
autobuild_model: constructing fragment (86, 125) from pdb
autobuild_model: constructing fragment (126, 132) as a bead
autobuild_model: constructing fragment (133, 144) from pdb
autobuild_model: constructing fragment (145, 161) as a bead
autobuild_model: constructing fragment (162, 184) from pdb
autobuild_model: constructing fragment (185, 192) as a bead
autobuild_model: constructing fragment (193, 200) from pdb
autobuild_model: constructing fragment (201, 205) as a bead
autobuild_model: constructing fragment (206, 249) from pdb
autobuild_model: constructing fragment (250, 257) as a bead
autobuild_model: constructing fragment (258, 480) from pdb
autobuild_model: constructing Nup133 from pdb data/ScNup133C_490_1157_new.pdb and chain D
autobuild_model: constructing fragment (481, 489) as a bead
autobuild_model: constructing fragment (490, 763) from pdb
autobuild_model: constructing fragment (764, 771) as a bead
autobuild_model: constructing fragment (772, 1155) from pdb
autobuild_model: constructing fragment (1156, 1157) as a bead
autobuild_model: constructing Nup145c from pdb data/ScNup145C_126-553_new.pdb and chain E
autobuild_model: constructing fragment (1, 125) as a bead
autobuild_model: constructing fragment (126, 144) from pdb
autobuild_model: constructing fragment (145, 150) as a bead
autobuild_model: constructing fragment (151, 175) from pdb
autobuild_model: constructing fragment (176, 181) as a bead
autobuild_model: constructing fragment (182, 553) from pdb
autobuild_model: constructing fragment (554, 712) as a bead
autobuild_model: constructing Seh1 from pdb data/ScSeh1_1-346_new.pdb and chain F
autobuild_model: constructing fragment (1, 248) from pdb
autobuild_model: constructing fragment (249, 287) as a bead
autobuild_model: constructing fragment (288, 346) from pdb
autobuild_model: constructing fragment (347, 349) as a bead
autobuild_model: constructing Sec13 from pdb data/ScSec13_2-296_new.pdb and chain G
autobuild_model: constructing fragment (1, 1) as a bead
autobuild_model: constructing fragment (2, 158) from pdb
autobuild_model: constructing fragment (159, 165) as a bead
autobuild_model: constructing fragment (166, 296) from pdb
autobuild_model: constructing fragment (297, 297) as a bead
